# JRE version: OpenJDK Runtime Environment (11.0.11+9) (build 11.0.11+9-b60-7590822)
# Java VM: OpenJDK 64-Bit Server VM (11.0.11+9-b60-7590822, mixed mode, tiered, compressed oops, g1 gc, windows-amd64)
Heap:
 garbage-first heap   total 129024K, used 34616K [0x0000000083000000, 0x0000000100000000)
  region size 1024K, 20 young (20480K), 5 survivors (5120K)
 Metaspace       used 37875K, capacity 38342K, committed 38480K, reserved 1103872K
  class space    used 4660K, capacity 4833K, committed 4864K, reserved 1048576K
GC Heap History (8 events):
Event: 0.796 GC heap before
{Heap before GC invocations=0 (full 0):
 garbage-first heap   total 129024K, used 27648K [0x0000000083000000, 0x0000000100000000)
  region size 1024K, 24 young (24576K), 0 survivors (0K)
 Metaspace       used 12318K, capacity 12408K, committed 12544K, reserved 1060864K
  class space    used 1159K, capacity 1175K, committed 1280K, reserved 1048576K
}
Event: 0.801 GC heap after
{Heap after GC invocations=1 (full 0):
 garbage-first heap   total 129024K, used 5917K [0x0000000083000000, 0x0000000100000000)
  region size 1024K, 3 young (3072K), 3 survivors (3072K)
 Metaspace       used 12318K, capacity 12408K, committed 12544K, reserved 1060864K
  class space    used 1159K, capacity 1175K, committed 1280K, reserved 1048576K
}
Event: 1.573 GC heap before
{Heap before GC invocations=1 (full 0):
 garbage-first heap   total 129024K, used 41757K [0x0000000083000000, 0x0000000100000000)
  region size 1024K, 39 young (39936K), 3 survivors (3072K)
 Metaspace       used 20866K, capacity 21087K, committed 21296K, reserved 1069056K
  class space    used 2216K, capacity 2312K, committed 2432K, reserved 1048576K
}
Event: 1.585 GC heap after
{Heap after GC invocations=2 (full 0):
 garbage-first heap   total 129024K, used 9419K [0x0000000083000000, 0x0000000100000000)
  region size 1024K, 7 young (7168K), 7 survivors (7168K)
 Metaspace       used 20866K, capacity 21087K, committed 21296K, reserved 1069056K
  class space    used 2216K, capacity 2312K, committed 2432K, reserved 1048576K
}
Event: 2.751 GC heap before
{Heap before GC invocations=3 (full 0):
 garbage-first heap   total 129024K, used 64715K [0x0000000083000000, 0x0000000100000000)
  region size 1024K, 56 young (57344K), 7 survivors (7168K)
 Metaspace       used 33662K, capacity 34115K, committed 34352K, reserved 1079296K
  class space    used 4206K, capacity 4407K, committed 4480K, reserved 1048576K
}
Event: 2.768 GC heap after
{Heap after GC invocations=4 (full 0):
 garbage-first heap   total 129024K, used 19403K [0x0000000083000000, 0x0000000100000000)
  region size 1024K, 7 young (7168K), 7 survivors (7168K)
 Metaspace       used 33662K, capacity 34115K, committed 34352K, reserved 1079296K
  class space    used 4206K, capacity 4407K, committed 4480K, reserved 1048576K
}
Event: 2.916 GC heap before
{Heap before GC invocations=4 (full 0):
 garbage-first heap   total 129024K, used 27595K [0x0000000083000000, 0x0000000100000000)
  region size 1024K, 16 young (16384K), 7 survivors (7168K)
 Metaspace       used 35305K, capacity 35758K, committed 35920K, reserved 1081344K
  class space    used 4380K, capacity 4571K, committed 4608K, reserved 1048576K
}
Event: 2.924 GC heap after
{Heap after GC invocations=5 (full 0):
 garbage-first heap   total 129024K, used 20280K [0x0000000083000000, 0x0000000100000000)
  region size 1024K, 5 young (5120K), 5 survivors (5120K)
 Metaspace       used 35305K, capacity 35758K, committed 35920K, reserved 1081344K
  class space    used 4380K, capacity 4571K, committed 4608K, reserved 1048576K
}

