# JRE version: OpenJDK Runtime Environment (11.0.11+9) (build 11.0.11+9-b60-7590822)
# Java VM: OpenJDK 64-Bit Server VM (11.0.11+9-b60-7590822, mixed mode, tiered, compressed oops, g1 gc, windows-amd64)
Heap:
 garbage-first heap   total 778240K, used 345088K [0x0000000080000000, 0x0000000100000000)
  region size 1024K, 5 young (5120K), 5 survivors (5120K)
 Metaspace       used 103006K, capacity 105513K, committed 105584K, reserved 1140736K
  class space    used 13403K, capacity 14355K, committed 14412K, reserved 1048576K
GC Heap History (20 events):
Event: 25.070 GC heap after
{Heap after GC invocations=39 (full 0):
 garbage-first heap   total 225280K, used 119598K [0x0000000080000000, 0x0000000100000000)
  region size 1024K, 7 young (7168K), 7 survivors (7168K)
 Metaspace       used 94063K, capacity 96416K, committed 96496K, reserved 1132544K
  class space    used 12026K, capacity 12930K, committed 13004K, reserved 1048576K
}
Event: 25.989 GC heap before
{Heap before GC invocations=40 (full 0):
 garbage-first heap   total 225280K, used 178990K [0x0000000080000000, 0x0000000100000000)
  region size 1024K, 66 young (67584K), 7 survivors (7168K)
 Metaspace       used 95252K, capacity 97524K, committed 97904K, reserved 1134592K
  class space    used 12143K, capacity 13000K, committed 13132K, reserved 1048576K
}
Event: 26.002 GC heap after
{Heap after GC invocations=41 (full 0):
 garbage-first heap   total 225280K, used 123817K [0x0000000080000000, 0x0000000100000000)
  region size 1024K, 8 young (8192K), 8 survivors (8192K)
 Metaspace       used 95252K, capacity 97524K, committed 97904K, reserved 1134592K
  class space    used 12143K, capacity 13000K, committed 13132K, reserved 1048576K
}
Event: 26.030 GC heap before
{Heap before GC invocations=41 (full 0):
 garbage-first heap   total 225280K, used 126889K [0x0000000080000000, 0x0000000100000000)
  region size 1024K, 11 young (11264K), 8 survivors (8192K)
 Metaspace       used 95290K, capacity 97525K, committed 97904K, reserved 1134592K
  class space    used 12146K, capacity 13000K, committed 13132K, reserved 1048576K
}
Event: 26.045 GC heap after
{Heap after GC invocations=42 (full 0):
 garbage-first heap   total 291840K, used 122394K [0x0000000080000000, 0x0000000100000000)
  region size 1024K, 1 young (1024K), 1 survivors (1024K)
 Metaspace       used 95290K, capacity 97525K, committed 97904K, reserved 1134592K
  class space    used 12146K, capacity 13000K, committed 13132K, reserved 1048576K
}
Event: 26.464 GC heap before
{Heap before GC invocations=42 (full 0):
 garbage-first heap   total 291840K, used 169498K [0x0000000080000000, 0x0000000100000000)
  region size 1024K, 39 young (39936K), 1 survivors (1024K)
 Metaspace       used 95785K, capacity 98088K, committed 98160K, reserved 1134592K
  class space    used 12201K, capacity 13080K, committed 13132K, reserved 1048576K
}
Event: 26.477 GC heap after
{Heap after GC invocations=43 (full 0):
 garbage-first heap   total 291840K, used 141580K [0x0000000080000000, 0x0000000100000000)
  region size 1024K, 10 young (10240K), 10 survivors (10240K)
 Metaspace       used 95785K, capacity 98088K, committed 98160K, reserved 1134592K
  class space    used 12201K, capacity 13080K, committed 13132K, reserved 1048576K
}
Event: 27.270 GC heap before
{Heap before GC invocations=44 (full 0):
 garbage-first heap   total 291840K, used 279820K [0x0000000080000000, 0x0000000100000000)
  region size 1024K, 91 young (93184K), 10 survivors (10240K)
 Metaspace       used 98686K, capacity 100998K, committed 101104K, reserved 1136640K
  class space    used 12611K, capacity 13498K, committed 13516K, reserved 1048576K
}
Event: 27.311 GC heap after
{Heap after GC invocations=45 (full 0):
 garbage-first heap   total 322560K, used 207246K [0x0000000080000000, 0x0000000100000000)
  region size 1024K, 12 young (12288K), 12 survivors (12288K)
 Metaspace       used 98686K, capacity 100998K, committed 101104K, reserved 1136640K
  class space    used 12611K, capacity 13498K, committed 13516K, reserved 1048576K
}
Event: 27.333 GC heap before
{Heap before GC invocations=45 (full 0):
 garbage-first heap   total 322560K, used 210318K [0x0000000080000000, 0x0000000100000000)
  region size 1024K, 15 young (15360K), 12 survivors (12288K)
 Metaspace       used 98686K, capacity 100998K, committed 101104K, reserved 1136640K
  class space    used 12611K, capacity 13498K, committed 13516K, reserved 1048576K
}
Event: 27.356 GC heap after
{Heap after GC invocations=46 (full 0):
 garbage-first heap   total 322560K, used 209303K [0x0000000080000000, 0x0000000100000000)
  region size 1024K, 2 young (2048K), 2 survivors (2048K)
 Metaspace       used 98686K, capacity 100998K, committed 101104K, reserved 1136640K
  class space    used 12611K, capacity 13498K, committed 13516K, reserved 1048576K
}
Event: 27.781 GC heap before
{Heap before GC invocations=46 (full 0):
 garbage-first heap   total 322560K, used 261527K [0x0000000080000000, 0x0000000100000000)
  region size 1024K, 50 young (51200K), 2 survivors (2048K)
 Metaspace       used 100517K, capacity 102941K, committed 103152K, reserved 1138688K
  class space    used 13089K, capacity 14017K, committed 14028K, reserved 1048576K
}
Event: 27.833 GC heap after
{Heap after GC invocations=47 (full 0):
 garbage-first heap   total 448512K, used 231424K [0x0000000080000000, 0x0000000100000000)
  region size 1024K, 7 young (7168K), 7 survivors (7168K)
 Metaspace       used 100517K, capacity 102941K, committed 103152K, reserved 1138688K
  class space    used 13089K, capacity 14017K, committed 14028K, reserved 1048576K
}
Event: 28.495 GC heap before
{Heap before GC invocations=48 (full 0):
 garbage-first heap   total 448512K, used 319488K [0x0000000080000000, 0x0000000100000000)
  region size 1024K, 96 young (98304K), 7 survivors (7168K)
 Metaspace       used 101082K, capacity 103477K, committed 103792K, reserved 1138688K
  class space    used 13124K, capacity 14063K, committed 14156K, reserved 1048576K
}
Event: 28.576 GC heap after
{Heap after GC invocations=49 (full 0):
 garbage-first heap   total 448512K, used 274247K [0x0000000080000000, 0x0000000100000000)
  region size 1024K, 12 young (12288K), 12 survivors (12288K)
 Metaspace       used 101082K, capacity 103477K, committed 103792K, reserved 1138688K
  class space    used 13124K, capacity 14063K, committed 14156K, reserved 1048576K
}
Event: 28.821 GC heap before
{Heap before GC invocations=49 (full 0):
 garbage-first heap   total 448512K, used 340807K [0x0000000080000000, 0x0000000100000000)
  region size 1024K, 78 young (79872K), 12 survivors (12288K)
 Metaspace       used 101092K, capacity 103477K, committed 103792K, reserved 1138688K
  class space    used 13124K, capacity 14063K, committed 14156K, reserved 1048576K
}
Event: 28.881 GC heap after
{Heap after GC invocations=50 (full 0):
 garbage-first heap   total 448512K, used 309760K [0x0000000080000000, 0x0000000100000000)
  region size 1024K, 10 young (10240K), 10 survivors (10240K)
 Metaspace       used 101092K, capacity 103477K, committed 103792K, reserved 1138688K
  class space    used 13124K, capacity 14063K, committed 14156K, reserved 1048576K
}
Event: 29.047 GC heap before
{Heap before GC invocations=50 (full 0):
 garbage-first heap   total 448512K, used 354816K [0x0000000080000000, 0x0000000100000000)
  region size 1024K, 55 young (56320K), 10 survivors (10240K)
 Metaspace       used 101093K, capacity 103477K, committed 103792K, reserved 1138688K
  class space    used 13124K, capacity 14063K, committed 14156K, reserved 1048576K
}
Event: 29.094 GC heap after
{Heap after GC invocations=51 (full 0):
 garbage-first heap   total 448512K, used 334336K [0x0000000080000000, 0x0000000100000000)
  region size 1024K, 7 young (7168K), 7 survivors (7168K)
 Metaspace       used 101093K, capacity 103477K, committed 103792K, reserved 1138688K
  class space    used 13124K, capacity 14063K, committed 14156K, reserved 1048576K
}
Event: 29.537 GC heap before
{Heap before GC invocations=51 (full 0):
 garbage-first heap   total 448512K, used 366080K [0x0000000080000000, 0x0000000100000000)
  region size 1024K, 39 young (39936K), 7 survivors (7168K)
 Metaspace       used 103006K, capacity 105513K, committed 105584K, reserved 1140736K
  class space    used 13403K, capacity 14355K, committed 14412K, reserved 1048576K
}

